c:\users\segu2\desktop\2018 dsi\practica1win32\p32scena\debug\vc141.pdb
c:\users\segu2\desktop\2018 dsi\practica1win32\p32scena\debug\vc141.idb
c:\users\segu2\desktop\2018 dsi\practica1win32\p32scena\debug\mainoo.sbr
c:\users\segu2\desktop\2018 dsi\practica1win32\p32scena\debug\scene.sbr
c:\users\segu2\desktop\2018 dsi\practica1win32\p32scena\debug\modelo.sbr
c:\users\segu2\desktop\2018 dsi\practica1win32\p32scena\debug\modelo.obj
c:\users\segu2\desktop\2018 dsi\practica1win32\p32scena\debug\scene.obj
c:\users\segu2\desktop\2018 dsi\practica1win32\p32scena\debug\mainoo.obj
c:\users\segu2\desktop\2018 dsi\practica1win32\debug\p32scene.ilk
c:\users\segu2\desktop\2018 dsi\practica1win32\debug\p32scene.exe
c:\users\segu2\desktop\2018 dsi\practica1win32\debug\p32scene.pdb
c:\users\segu2\desktop\2018 dsi\practica1win32\debug\p32scene.bsc
c:\users\segu2\desktop\2018 dsi\practica1win32\p32scena\debug\p32scene.tlog\bscmake.command.1.tlog
c:\users\segu2\desktop\2018 dsi\practica1win32\p32scena\debug\p32scene.tlog\bscmake.read.1.tlog
c:\users\segu2\desktop\2018 dsi\practica1win32\p32scena\debug\p32scene.tlog\cl.command.1.tlog
c:\users\segu2\desktop\2018 dsi\practica1win32\p32scena\debug\p32scene.tlog\cl.read.1.tlog
c:\users\segu2\desktop\2018 dsi\practica1win32\p32scena\debug\p32scene.tlog\cl.write.1.tlog
c:\users\segu2\desktop\2018 dsi\practica1win32\p32scena\debug\p32scene.tlog\link.command.1.tlog
c:\users\segu2\desktop\2018 dsi\practica1win32\p32scena\debug\p32scene.tlog\link.read.1.tlog
c:\users\segu2\desktop\2018 dsi\practica1win32\p32scena\debug\p32scene.tlog\link.write.1.tlog
